<?xml version="1.0" encoding="UTF-8"?>
<testng-results ignored="0" total="2" passed="2" failed="0" skipped="0">
  <reporter-output>
  </reporter-output>
  <suite started-at="2021-10-26T00:19:31 EEST" name="Default suite" finished-at="2021-10-26T00:19:44 EEST" duration-ms="12685">
    <groups>
    </groups>
    <test started-at="2021-10-26T00:19:31 EEST" name="Default test" finished-at="2021-10-26T00:19:44 EEST" duration-ms="12685">
      <class name="test.DesignPatternsProject.DemoTest">
        <test-method is-config="true" signature="setup()[pri:0, instance:test.DesignPatternsProject.DemoTest@778d1062]" started-at="2021-10-26T00:19:31 EEST" name="setup" finished-at="2021-10-26T00:19:37 EEST" duration-ms="5852" status="PASS">
          <reporter-output>
          </reporter-output>
        </test-method> <!-- setup -->
        <test-method signature="flightTest(java.util.HashMap)[pri:0, instance:test.DesignPatternsProject.DemoTest@778d1062]" started-at="2021-10-26T00:19:37 EEST" name="flightTest" data-provider="getData" finished-at="2021-10-26T00:19:42 EEST" duration-ms="4417" status="PASS">
          <params>
            <param index="0">
              <value>
                <![CDATA[{destination=HYD, origin=MAA}]]>
              </value>
            </param>
          </params>
          <reporter-output>
          </reporter-output>
        </test-method> <!-- flightTest -->
        <test-method signature="flightTest(java.util.HashMap)[pri:0, instance:test.DesignPatternsProject.DemoTest@778d1062]" started-at="2021-10-26T00:19:42 EEST" name="flightTest" data-provider="getData" finished-at="2021-10-26T00:19:44 EEST" duration-ms="2043" status="PASS">
          <params>
            <param index="0">
              <value>
                <![CDATA[{destination=MAA, origin=HYD}]]>
              </value>
            </param>
          </params>
          <reporter-output>
          </reporter-output>
        </test-method> <!-- flightTest -->
        <test-method is-config="true" signature="tearDown()[pri:0, instance:test.DesignPatternsProject.DemoTest@778d1062]" started-at="2021-10-26T00:19:44 EEST" name="tearDown" finished-at="2021-10-26T00:19:44 EEST" duration-ms="121" status="PASS">
          <reporter-output>
          </reporter-output>
        </test-method> <!-- tearDown -->
      </class> <!-- test.DesignPatternsProject.DemoTest -->
    </test> <!-- Default test -->
  </suite> <!-- Default suite -->
</testng-results>
